g:\design for graduation\facerecognition\facesystem\qtguiapplication1\x64\debug\face.obj
g:\design for graduation\facerecognition\facesystem\qtguiapplication1\x64\debug\moc_addface.obj
g:\design for graduation\facerecognition\facesystem\qtguiapplication1\x64\debug\login.obj
g:\design for graduation\facerecognition\facesystem\qtguiapplication1\x64\debug\qrc_facesystem.obj
g:\design for graduation\facerecognition\facesystem\qtguiapplication1\x64\debug\recognize.obj
g:\design for graduation\facerecognition\facesystem\qtguiapplication1\x64\debug\train.obj
g:\design for graduation\facerecognition\facesystem\qtguiapplication1\x64\debug\addface.obj
g:\design for graduation\facerecognition\facesystem\qtguiapplication1\x64\debug\moc_modify.obj
g:\design for graduation\facerecognition\facesystem\qtguiapplication1\x64\debug\readcsv.obj
g:\design for graduation\facerecognition\facesystem\qtguiapplication1\x64\debug\selectinfo.obj
g:\design for graduation\facerecognition\facesystem\qtguiapplication1\x64\debug\modify.obj
g:\design for graduation\facerecognition\facesystem\qtguiapplication1\x64\debug\moc_login.obj
g:\design for graduation\facerecognition\facesystem\qtguiapplication1\x64\debug\getlib.obj
g:\design for graduation\facerecognition\facesystem\qtguiapplication1\x64\debug\supermodify.obj
g:\design for graduation\facerecognition\facesystem\qtguiapplication1\x64\debug\main.obj
g:\design for graduation\facerecognition\facesystem\qtguiapplication1\x64\debug\vc141.pdb
g:\design for graduation\facerecognition\facesystem\qtguiapplication1\generatedfiles\debug\moc_modify.cpp
g:\design for graduation\facerecognition\facesystem\qtguiapplication1\generatedfiles\debug\moc_addface.cpp
g:\design for graduation\facerecognition\facesystem\qtguiapplication1\generatedfiles\debug\moc_login.cpp
g:\design for graduation\facerecognition\facesystem\qtguiapplication1\generatedfiles\qrc_facesystem.cpp
g:\design for graduation\facerecognition\facesystem\qtguiapplication1\generatedfiles\ui_qtguiapplication1.h
g:\design for graduation\facerecognition\facesystem\qtguiapplication1\generatedfiles\ui_subwindow.h
g:\design for graduation\facerecognition\facesystem\qtguiapplication1\x64\debug\facesystem.tlog\cl.command.1.tlog
g:\design for graduation\facerecognition\facesystem\qtguiapplication1\x64\debug\facesystem.tlog\cl.read.1.tlog
g:\design for graduation\facerecognition\facesystem\qtguiapplication1\x64\debug\facesystem.tlog\cl.write.1.tlog
g:\design for graduation\facerecognition\facesystem\qtguiapplication1\x64\debug\facesystem.tlog\facesystem.write.1u.tlog
g:\design for graduation\facerecognition\facesystem\qtguiapplication1\x64\debug\facesystem.tlog\link.command.1.tlog
g:\design for graduation\facerecognition\facesystem\qtguiapplication1\x64\debug\facesystem.tlog\link.read.1.tlog
g:\design for graduation\facerecognition\facesystem\qtguiapplication1\x64\debug\facesystem.tlog\link.write.1.tlog
